[ 2015-09-25T15:19:35+08:00 ] ::1 /admin.php?s=/Ask/index/p/1.html
INFO: [ app_init ] --START--
INFO: Run Behavior\BuildLiteBehavior [ RunTime:0.000000s ]
INFO: Run Common\Behavior\InitHookBehavior [ RunTime:0.007001s ]
INFO: [ app_init ] --END-- [ RunTime:0.008001s ]
INFO: [ app_begin ] --START--
INFO: Run Behavior\ReadHtmlCacheBehavior [ RunTime:0.002000s ]
INFO: [ app_begin ] --END-- [ RunTime:0.002000s ]
NOTIC: [8] Use of undefined constant UID - assumed 'UID' D:\onethink\Application\Admin\Controller\AskController.class.php 第 58 行.
NOTIC: [8] Use of undefined constant UID - assumed 'UID' D:\onethink\Application\Admin\Model\AuthGroupModel.class.php 第 134 行.
SQL: SHOW COLUMNS FROM `ot_auth_group_access` [ RunTime:0.0130s ]
SQL: SELECT `extend_id` FROM ot_auth_group_access g INNER JOIN ot_auth_extend c on g.group_id=c.group_id  WHERE ( g.uid='UID' and c.type='1' and !isnull(extend_id) )  [ RunTime:0.0050s ]
NOTIC: [8] Use of undefined constant UID - assumed 'UID' D:\onethink\Application\Admin\Model\AuthGroupModel.class.php 第 143 行.
SQL: SHOW COLUMNS FROM `ot_category` [ RunTime:0.0140s ]
SQL: SELECT `id`,`title`,`pid`,`allow_publish` FROM `ot_category` WHERE `status` = 1 ORDER BY pid,sort  [ RunTime:0.0000s ]
NOTIC: [8] Use of undefined constant IS_ROOT - assumed 'IS_ROOT' D:\onethink\Application\Admin\Controller\AskController.class.php 第 63 行.
NOTIC: [8] Use of undefined constant IS_ROOT - assumed 'IS_ROOT' D:\onethink\Application\Admin\Controller\AskController.class.php 第 126 行.
NOTIC: [8] Use of undefined constant IS_ROOT - assumed 'IS_ROOT' D:\onethink\Application\Admin\Controller\AskController.class.php 第 130 行.

[ 2015-09-25T15:19:35+08:00 ] ::1 /admin.php?s=/Index/index.html
INFO: [ app_init ] --START--
INFO: Run Behavior\BuildLiteBehavior [ RunTime:0.000000s ]
INFO: Run Common\Behavior\InitHookBehavior [ RunTime:0.007001s ]
INFO: [ app_init ] --END-- [ RunTime:0.007001s ]
INFO: [ app_begin ] --START--
INFO: Run Behavior\ReadHtmlCacheBehavior [ RunTime:0.001000s ]
INFO: [ app_begin ] --END-- [ RunTime:0.002000s ]

[ 2015-09-25T17:42:30+08:00 ] ::1 /admin.php?s=/Index/index.html
INFO: [ app_init ] --START--
INFO: Run Behavior\BuildLiteBehavior [ RunTime:0.000000s ]
INFO: Run Common\Behavior\InitHookBehavior [ RunTime:0.007001s ]
INFO: [ app_init ] --END-- [ RunTime:0.008001s ]
INFO: [ app_begin ] --START--
INFO: Run Behavior\ReadHtmlCacheBehavior [ RunTime:0.002000s ]
INFO: [ app_begin ] --END-- [ RunTime:0.002000s ]

[ 2015-09-25T17:42:33+08:00 ] ::1 /admin.php?s=/Index/index.html
INFO: [ app_init ] --START--
INFO: Run Behavior\BuildLiteBehavior [ RunTime:0.000000s ]
INFO: Run Common\Behavior\InitHookBehavior [ RunTime:0.004001s ]
INFO: [ app_init ] --END-- [ RunTime:0.004001s ]
INFO: [ app_begin ] --START--
INFO: Run Behavior\ReadHtmlCacheBehavior [ RunTime:0.001000s ]
INFO: [ app_begin ] --END-- [ RunTime:0.001000s ]

[ 2015-09-25T17:42:36+08:00 ] ::1 /admin.php?s=/Ask/index.html
INFO: [ app_init ] --START--
INFO: Run Behavior\BuildLiteBehavior [ RunTime:0.000000s ]
INFO: Run Common\Behavior\InitHookBehavior [ RunTime:0.003001s ]
INFO: [ app_init ] --END-- [ RunTime:0.003001s ]
INFO: [ app_begin ] --START--
INFO: Run Behavior\ReadHtmlCacheBehavior [ RunTime:0.000000s ]
INFO: [ app_begin ] --END-- [ RunTime:0.000000s ]
NOTIC: [8] Use of undefined constant UID - assumed 'UID' D:\onethink\Application\Admin\Controller\AskController.class.php 第 58 行.
NOTIC: [8] Use of undefined constant UID - assumed 'UID' D:\onethink\Application\Admin\Model\AuthGroupModel.class.php 第 134 行.
SQL: SHOW COLUMNS FROM `ot_auth_group_access` [ RunTime:0.0130s ]
SQL: SELECT `extend_id` FROM ot_auth_group_access g INNER JOIN ot_auth_extend c on g.group_id=c.group_id  WHERE ( g.uid='UID' and c.type='1' and !isnull(extend_id) )  [ RunTime:0.0050s ]
NOTIC: [8] Use of undefined constant UID - assumed 'UID' D:\onethink\Application\Admin\Model\AuthGroupModel.class.php 第 143 行.
SQL: SHOW COLUMNS FROM `ot_category` [ RunTime:0.0070s ]
SQL: SELECT `id`,`title`,`pid`,`allow_publish` FROM `ot_category` WHERE `status` = 1 ORDER BY pid,sort  [ RunTime:0.0000s ]
NOTIC: [8] Use of undefined constant IS_ROOT - assumed 'IS_ROOT' D:\onethink\Application\Admin\Controller\AskController.class.php 第 63 行.
NOTIC: [8] Use of undefined constant IS_ROOT - assumed 'IS_ROOT' D:\onethink\Application\Admin\Controller\AskController.class.php 第 126 行.
NOTIC: [8] Use of undefined constant IS_ROOT - assumed 'IS_ROOT' D:\onethink\Application\Admin\Controller\AskController.class.php 第 130 行.

[ 2015-09-25T17:42:37+08:00 ] ::1 /admin.php?s=/User/index.html
INFO: [ app_init ] --START--
INFO: Run Behavior\BuildLiteBehavior [ RunTime:0.001000s ]
INFO: Run Common\Behavior\InitHookBehavior [ RunTime:0.003000s ]
INFO: [ app_init ] --END-- [ RunTime:0.004000s ]
INFO: [ app_begin ] --START--
INFO: Run Behavior\ReadHtmlCacheBehavior [ RunTime:0.001000s ]
INFO: [ app_begin ] --END-- [ RunTime:0.001000s ]

[ 2015-09-25T17:42:39+08:00 ] ::1 /admin.php?s=/Addons/index.html
INFO: [ app_init ] --START--
INFO: Run Behavior\BuildLiteBehavior [ RunTime:0.000000s ]
INFO: Run Common\Behavior\InitHookBehavior [ RunTime:0.003000s ]
INFO: [ app_init ] --END-- [ RunTime:0.003000s ]
INFO: [ app_begin ] --START--
INFO: Run Behavior\ReadHtmlCacheBehavior [ RunTime:0.000000s ]
INFO: [ app_begin ] --END-- [ RunTime:0.000000s ]
SQL: SHOW COLUMNS FROM `ot_addons` [ RunTime:0.0080s ]
SQL: SELECT `title`,`name` FROM `ot_addons` WHERE ( status=1 AND has_adminlist=1 )  [ RunTime:0.0000s ]

[ 2015-09-25T17:42:40+08:00 ] ::1 /admin.php?s=/Ask/index.html
INFO: [ app_init ] --START--
INFO: Run Behavior\BuildLiteBehavior [ RunTime:0.001000s ]
INFO: Run Common\Behavior\InitHookBehavior [ RunTime:0.002000s ]
INFO: [ app_init ] --END-- [ RunTime:0.003000s ]
INFO: [ app_begin ] --START--
INFO: Run Behavior\ReadHtmlCacheBehavior [ RunTime:0.001000s ]
INFO: [ app_begin ] --END-- [ RunTime:0.001000s ]
NOTIC: [8] Use of undefined constant UID - assumed 'UID' D:\onethink\Application\Admin\Controller\AskController.class.php 第 58 行.
NOTIC: [8] Use of undefined constant UID - assumed 'UID' D:\onethink\Application\Admin\Model\AuthGroupModel.class.php 第 134 行.
SQL: SHOW COLUMNS FROM `ot_auth_group_access` [ RunTime:0.0080s ]
SQL: SELECT `extend_id` FROM ot_auth_group_access g INNER JOIN ot_auth_extend c on g.group_id=c.group_id  WHERE ( g.uid='UID' and c.type='1' and !isnull(extend_id) )  [ RunTime:0.0000s ]
NOTIC: [8] Use of undefined constant UID - assumed 'UID' D:\onethink\Application\Admin\Model\AuthGroupModel.class.php 第 143 行.
SQL: SHOW COLUMNS FROM `ot_category` [ RunTime:0.0110s ]
SQL: SELECT `id`,`title`,`pid`,`allow_publish` FROM `ot_category` WHERE `status` = 1 ORDER BY pid,sort  [ RunTime:0.0000s ]
NOTIC: [8] Use of undefined constant IS_ROOT - assumed 'IS_ROOT' D:\onethink\Application\Admin\Controller\AskController.class.php 第 63 行.
NOTIC: [8] Use of undefined constant IS_ROOT - assumed 'IS_ROOT' D:\onethink\Application\Admin\Controller\AskController.class.php 第 126 行.
NOTIC: [8] Use of undefined constant IS_ROOT - assumed 'IS_ROOT' D:\onethink\Application\Admin\Controller\AskController.class.php 第 130 行.

[ 2015-09-25T17:42:42+08:00 ] ::1 /admin.php?s=/Config/group.html
INFO: [ app_init ] --START--
INFO: Run Behavior\BuildLiteBehavior [ RunTime:0.000000s ]
INFO: Run Common\Behavior\InitHookBehavior [ RunTime:0.002000s ]
INFO: [ app_init ] --END-- [ RunTime:0.003000s ]
INFO: [ app_begin ] --START--
INFO: Run Behavior\ReadHtmlCacheBehavior [ RunTime:0.001000s ]
INFO: [ app_begin ] --END-- [ RunTime:0.001000s ]

[ 2015-09-25T17:42:47+08:00 ] ::1 /admin.php?s=/Config/save.html
INFO: [ app_init ] --START--
INFO: Run Behavior\BuildLiteBehavior [ RunTime:0.000000s ]
INFO: Run Common\Behavior\InitHookBehavior [ RunTime:0.003000s ]
INFO: [ app_init ] --END-- [ RunTime:0.004001s ]
INFO: [ app_begin ] --START--
INFO: Run Behavior\ReadHtmlCacheBehavior [ RunTime:0.000000s ]
INFO: [ app_begin ] --END-- [ RunTime:0.000000s ]
SQL: SHOW COLUMNS FROM `ot_config` [ RunTime:0.0080s ]
SQL: UPDATE `ot_config` SET `value`='安徽省人民政府政务服务平台' WHERE `name` = 'WEB_SITE_TITLE' [ RunTime:0.0010s ]
SQL: UPDATE `ot_config` SET `value`='安徽省人民政府政务服务平台' WHERE `name` = 'WEB_SITE_DESCRIPTION' [ RunTime:0.0000s ]
SQL: UPDATE `ot_config` SET `value`='1' WHERE `name` = 'WEB_SITE_CLOSE' [ RunTime:0.0000s ]
SQL: UPDATE `ot_config` SET `value`='安徽省人民政府政务服务平台' WHERE `name` = 'WEB_SITE_KEYWORD' [ RunTime:0.0010s ]
SQL: UPDATE `ot_config` SET `value`='' WHERE `name` = 'WEB_SITE_ICP' [ RunTime:0.0000s ]
SQL: UPDATE `ot_config` SET `value`='default_color' WHERE `name` = 'COLOR_STYLE' [ RunTime:0.0000s ]

[ 2015-09-25T17:42:48+08:00 ] ::1 /admin.php?s=/Ask/index.html
INFO: [ app_init ] --START--
INFO: Run Behavior\BuildLiteBehavior [ RunTime:0.000000s ]
INFO: Run Common\Behavior\InitHookBehavior [ RunTime:0.007000s ]
INFO: [ app_init ] --END-- [ RunTime:0.008000s ]
INFO: [ app_begin ] --START--
INFO: Run Behavior\ReadHtmlCacheBehavior [ RunTime:0.001000s ]
INFO: [ app_begin ] --END-- [ RunTime:0.001000s ]
NOTIC: [8] Use of undefined constant UID - assumed 'UID' D:\onethink\Application\Admin\Controller\AskController.class.php 第 58 行.
NOTIC: [8] Use of undefined constant UID - assumed 'UID' D:\onethink\Application\Admin\Model\AuthGroupModel.class.php 第 134 行.
SQL: SHOW COLUMNS FROM `ot_auth_group_access` [ RunTime:0.0080s ]
SQL: SELECT `extend_id` FROM ot_auth_group_access g INNER JOIN ot_auth_extend c on g.group_id=c.group_id  WHERE ( g.uid='UID' and c.type='1' and !isnull(extend_id) )  [ RunTime:0.0000s ]
NOTIC: [8] Use of undefined constant UID - assumed 'UID' D:\onethink\Application\Admin\Model\AuthGroupModel.class.php 第 143 行.
SQL: SHOW COLUMNS FROM `ot_category` [ RunTime:0.0080s ]
SQL: SELECT `id`,`title`,`pid`,`allow_publish` FROM `ot_category` WHERE `status` = 1 ORDER BY pid,sort  [ RunTime:0.0000s ]
NOTIC: [8] Use of undefined constant IS_ROOT - assumed 'IS_ROOT' D:\onethink\Application\Admin\Controller\AskController.class.php 第 63 行.
NOTIC: [8] Use of undefined constant IS_ROOT - assumed 'IS_ROOT' D:\onethink\Application\Admin\Controller\AskController.class.php 第 126 行.
NOTIC: [8] Use of undefined constant IS_ROOT - assumed 'IS_ROOT' D:\onethink\Application\Admin\Controller\AskController.class.php 第 130 行.
SQL: SHOW COLUMNS FROM `ot_config` [ RunTime:0.0080s ]
SQL: SELECT `type`,`name`,`value` FROM `ot_config` WHERE `status` = 1  [ RunTime:0.0000s ]

[ 2015-09-25T17:42:48+08:00 ] ::1 /admin.php?s=/Config/group.html
INFO: [ app_init ] --START--
INFO: Run Behavior\BuildLiteBehavior [ RunTime:0.000000s ]
INFO: Run Common\Behavior\InitHookBehavior [ RunTime:0.007001s ]
INFO: [ app_init ] --END-- [ RunTime:0.008001s ]
INFO: [ app_begin ] --START--
INFO: Run Behavior\ReadHtmlCacheBehavior [ RunTime:0.001000s ]
INFO: [ app_begin ] --END-- [ RunTime:0.001000s ]

[ 2015-09-25T17:42:51+08:00 ] ::1 /admin.php?s=/Addons/index.html
INFO: [ app_init ] --START--
INFO: Run Behavior\BuildLiteBehavior [ RunTime:0.000000s ]
INFO: Run Common\Behavior\InitHookBehavior [ RunTime:0.002000s ]
INFO: [ app_init ] --END-- [ RunTime:0.003000s ]
INFO: [ app_begin ] --START--
INFO: Run Behavior\ReadHtmlCacheBehavior [ RunTime:0.000000s ]
INFO: [ app_begin ] --END-- [ RunTime:0.000000s ]
SQL: SHOW COLUMNS FROM `ot_addons` [ RunTime:0.0070s ]
SQL: SELECT `title`,`name` FROM `ot_addons` WHERE ( status=1 AND has_adminlist=1 )  [ RunTime:0.0010s ]

[ 2015-09-25T17:42:52+08:00 ] ::1 /admin.php?s=/Ask/index.html
INFO: [ app_init ] --START--
INFO: Run Behavior\BuildLiteBehavior [ RunTime:0.000000s ]
INFO: Run Common\Behavior\InitHookBehavior [ RunTime:0.002000s ]
INFO: [ app_init ] --END-- [ RunTime:0.003001s ]
INFO: [ app_begin ] --START--
INFO: Run Behavior\ReadHtmlCacheBehavior [ RunTime:0.000000s ]
INFO: [ app_begin ] --END-- [ RunTime:0.000000s ]
NOTIC: [8] Use of undefined constant UID - assumed 'UID' D:\onethink\Application\Admin\Controller\AskController.class.php 第 58 行.
NOTIC: [8] Use of undefined constant UID - assumed 'UID' D:\onethink\Application\Admin\Model\AuthGroupModel.class.php 第 134 行.
SQL: SHOW COLUMNS FROM `ot_auth_group_access` [ RunTime:0.0070s ]
SQL: SELECT `extend_id` FROM ot_auth_group_access g INNER JOIN ot_auth_extend c on g.group_id=c.group_id  WHERE ( g.uid='UID' and c.type='1' and !isnull(extend_id) )  [ RunTime:0.0010s ]
NOTIC: [8] Use of undefined constant UID - assumed 'UID' D:\onethink\Application\Admin\Model\AuthGroupModel.class.php 第 143 行.
SQL: SHOW COLUMNS FROM `ot_category` [ RunTime:0.0080s ]
SQL: SELECT `id`,`title`,`pid`,`allow_publish` FROM `ot_category` WHERE `status` = 1 ORDER BY pid,sort  [ RunTime:0.0000s ]
NOTIC: [8] Use of undefined constant IS_ROOT - assumed 'IS_ROOT' D:\onethink\Application\Admin\Controller\AskController.class.php 第 63 行.
NOTIC: [8] Use of undefined constant IS_ROOT - assumed 'IS_ROOT' D:\onethink\Application\Admin\Controller\AskController.class.php 第 126 行.
NOTIC: [8] Use of undefined constant IS_ROOT - assumed 'IS_ROOT' D:\onethink\Application\Admin\Controller\AskController.class.php 第 130 行.

[ 2015-09-25T17:42:53+08:00 ] ::1 /admin.php?s=/Ask/index.html
INFO: [ app_init ] --START--
INFO: Run Behavior\BuildLiteBehavior [ RunTime:0.000000s ]
INFO: Run Common\Behavior\InitHookBehavior [ RunTime:0.003000s ]
INFO: [ app_init ] --END-- [ RunTime:0.003000s ]
INFO: [ app_begin ] --START--
INFO: Run Behavior\ReadHtmlCacheBehavior [ RunTime:0.001000s ]
INFO: [ app_begin ] --END-- [ RunTime:0.001000s ]
NOTIC: [8] Use of undefined constant UID - assumed 'UID' D:\onethink\Application\Admin\Controller\AskController.class.php 第 58 行.
NOTIC: [8] Use of undefined constant UID - assumed 'UID' D:\onethink\Application\Admin\Model\AuthGroupModel.class.php 第 134 行.
SQL: SHOW COLUMNS FROM `ot_auth_group_access` [ RunTime:0.0070s ]
SQL: SELECT `extend_id` FROM ot_auth_group_access g INNER JOIN ot_auth_extend c on g.group_id=c.group_id  WHERE ( g.uid='UID' and c.type='1' and !isnull(extend_id) )  [ RunTime:0.0000s ]
NOTIC: [8] Use of undefined constant UID - assumed 'UID' D:\onethink\Application\Admin\Model\AuthGroupModel.class.php 第 143 行.
SQL: SHOW COLUMNS FROM `ot_category` [ RunTime:0.0080s ]
SQL: SELECT `id`,`title`,`pid`,`allow_publish` FROM `ot_category` WHERE `status` = 1 ORDER BY pid,sort  [ RunTime:0.0000s ]
NOTIC: [8] Use of undefined constant IS_ROOT - assumed 'IS_ROOT' D:\onethink\Application\Admin\Controller\AskController.class.php 第 63 行.
NOTIC: [8] Use of undefined constant IS_ROOT - assumed 'IS_ROOT' D:\onethink\Application\Admin\Controller\AskController.class.php 第 126 行.
NOTIC: [8] Use of undefined constant IS_ROOT - assumed 'IS_ROOT' D:\onethink\Application\Admin\Controller\AskController.class.php 第 130 行.

[ 2015-09-25T17:42:55+08:00 ] ::1 /admin.php?s=/Ask/index/p/2.html
INFO: [ app_init ] --START--
INFO: Run Behavior\BuildLiteBehavior [ RunTime:0.000000s ]
INFO: Run Common\Behavior\InitHookBehavior [ RunTime:0.003000s ]
INFO: [ app_init ] --END-- [ RunTime:0.004001s ]
INFO: [ app_begin ] --START--
INFO: Run Behavior\ReadHtmlCacheBehavior [ RunTime:0.001000s ]
INFO: [ app_begin ] --END-- [ RunTime:0.001000s ]
NOTIC: [8] Use of undefined constant UID - assumed 'UID' D:\onethink\Application\Admin\Controller\AskController.class.php 第 58 行.
NOTIC: [8] Use of undefined constant UID - assumed 'UID' D:\onethink\Application\Admin\Model\AuthGroupModel.class.php 第 134 行.
SQL: SHOW COLUMNS FROM `ot_auth_group_access` [ RunTime:0.0080s ]
SQL: SELECT `extend_id` FROM ot_auth_group_access g INNER JOIN ot_auth_extend c on g.group_id=c.group_id  WHERE ( g.uid='UID' and c.type='1' and !isnull(extend_id) )  [ RunTime:0.0000s ]
NOTIC: [8] Use of undefined constant UID - assumed 'UID' D:\onethink\Application\Admin\Model\AuthGroupModel.class.php 第 143 行.
SQL: SHOW COLUMNS FROM `ot_category` [ RunTime:0.0080s ]
SQL: SELECT `id`,`title`,`pid`,`allow_publish` FROM `ot_category` WHERE `status` = 1 ORDER BY pid,sort  [ RunTime:0.0010s ]
NOTIC: [8] Use of undefined constant IS_ROOT - assumed 'IS_ROOT' D:\onethink\Application\Admin\Controller\AskController.class.php 第 63 行.
NOTIC: [8] Use of undefined constant IS_ROOT - assumed 'IS_ROOT' D:\onethink\Application\Admin\Controller\AskController.class.php 第 126 行.
NOTIC: [8] Use of undefined constant IS_ROOT - assumed 'IS_ROOT' D:\onethink\Application\Admin\Controller\AskController.class.php 第 130 行.

[ 2015-09-25T17:42:57+08:00 ] ::1 /admin.php?s=/Ask/index/p/1.html
INFO: [ app_init ] --START--
INFO: Run Behavior\BuildLiteBehavior [ RunTime:0.000000s ]
INFO: Run Common\Behavior\InitHookBehavior [ RunTime:0.003000s ]
INFO: [ app_init ] --END-- [ RunTime:0.003000s ]
INFO: [ app_begin ] --START--
INFO: Run Behavior\ReadHtmlCacheBehavior [ RunTime:0.001000s ]
INFO: [ app_begin ] --END-- [ RunTime:0.001000s ]
NOTIC: [8] Use of undefined constant UID - assumed 'UID' D:\onethink\Application\Admin\Controller\AskController.class.php 第 58 行.
NOTIC: [8] Use of undefined constant UID - assumed 'UID' D:\onethink\Application\Admin\Model\AuthGroupModel.class.php 第 134 行.
SQL: SHOW COLUMNS FROM `ot_auth_group_access` [ RunTime:0.0070s ]
SQL: SELECT `extend_id` FROM ot_auth_group_access g INNER JOIN ot_auth_extend c on g.group_id=c.group_id  WHERE ( g.uid='UID' and c.type='1' and !isnull(extend_id) )  [ RunTime:0.0010s ]
NOTIC: [8] Use of undefined constant UID - assumed 'UID' D:\onethink\Application\Admin\Model\AuthGroupModel.class.php 第 143 行.
SQL: SHOW COLUMNS FROM `ot_category` [ RunTime:0.0080s ]
SQL: SELECT `id`,`title`,`pid`,`allow_publish` FROM `ot_category` WHERE `status` = 1 ORDER BY pid,sort  [ RunTime:0.0000s ]
NOTIC: [8] Use of undefined constant IS_ROOT - assumed 'IS_ROOT' D:\onethink\Application\Admin\Controller\AskController.class.php 第 63 行.
NOTIC: [8] Use of undefined constant IS_ROOT - assumed 'IS_ROOT' D:\onethink\Application\Admin\Controller\AskController.class.php 第 126 行.
NOTIC: [8] Use of undefined constant IS_ROOT - assumed 'IS_ROOT' D:\onethink\Application\Admin\Controller\AskController.class.php 第 130 行.

[ 2015-09-25T17:42:58+08:00 ] ::1 /admin.php?s=/Ask/index/p/2.html
INFO: [ app_init ] --START--
INFO: Run Behavior\BuildLiteBehavior [ RunTime:0.000000s ]
INFO: Run Common\Behavior\InitHookBehavior [ RunTime:0.002000s ]
INFO: [ app_init ] --END-- [ RunTime:0.004000s ]
INFO: [ app_begin ] --START--
INFO: Run Behavior\ReadHtmlCacheBehavior [ RunTime:0.000000s ]
INFO: [ app_begin ] --END-- [ RunTime:0.000000s ]
NOTIC: [8] Use of undefined constant UID - assumed 'UID' D:\onethink\Application\Admin\Controller\AskController.class.php 第 58 行.
NOTIC: [8] Use of undefined constant UID - assumed 'UID' D:\onethink\Application\Admin\Model\AuthGroupModel.class.php 第 134 行.
SQL: SHOW COLUMNS FROM `ot_auth_group_access` [ RunTime:0.0070s ]
SQL: SELECT `extend_id` FROM ot_auth_group_access g INNER JOIN ot_auth_extend c on g.group_id=c.group_id  WHERE ( g.uid='UID' and c.type='1' and !isnull(extend_id) )  [ RunTime:0.0010s ]
NOTIC: [8] Use of undefined constant UID - assumed 'UID' D:\onethink\Application\Admin\Model\AuthGroupModel.class.php 第 143 行.
SQL: SHOW COLUMNS FROM `ot_category` [ RunTime:0.0080s ]
SQL: SELECT `id`,`title`,`pid`,`allow_publish` FROM `ot_category` WHERE `status` = 1 ORDER BY pid,sort  [ RunTime:0.0000s ]
NOTIC: [8] Use of undefined constant IS_ROOT - assumed 'IS_ROOT' D:\onethink\Application\Admin\Controller\AskController.class.php 第 63 行.
NOTIC: [8] Use of undefined constant IS_ROOT - assumed 'IS_ROOT' D:\onethink\Application\Admin\Controller\AskController.class.php 第 126 行.
NOTIC: [8] Use of undefined constant IS_ROOT - assumed 'IS_ROOT' D:\onethink\Application\Admin\Controller\AskController.class.php 第 130 行.

