[ 2015-09-29T08:08:53+08:00 ] ::1 /admin.php?s=/Index/index.html
INFO: [ app_init ] --START--
INFO: Run Behavior\BuildLiteBehavior [ RunTime:0.000000s ]
INFO: Run Common\Behavior\InitHookBehavior [ RunTime:0.007000s ]
INFO: [ app_init ] --END-- [ RunTime:0.008000s ]
INFO: [ app_begin ] --START--
INFO: Run Behavior\ReadHtmlCacheBehavior [ RunTime:0.002000s ]
INFO: [ app_begin ] --END-- [ RunTime:0.002000s ]

[ 2015-09-29T08:08:55+08:00 ] ::1 /admin.php?s=/Ask/index.html
INFO: [ app_init ] --START--
INFO: Run Behavior\BuildLiteBehavior [ RunTime:0.000000s ]
INFO: Run Common\Behavior\InitHookBehavior [ RunTime:0.003000s ]
INFO: [ app_init ] --END-- [ RunTime:0.003000s ]
INFO: [ app_begin ] --START--
INFO: Run Behavior\ReadHtmlCacheBehavior [ RunTime:0.001000s ]
INFO: [ app_begin ] --END-- [ RunTime:0.001000s ]
NOTIC: [8] Use of undefined constant UID - assumed 'UID' D:\onethink\Application\Admin\Controller\AskController.class.php 第 58 行.
NOTIC: [8] Use of undefined constant UID - assumed 'UID' D:\onethink\Application\Admin\Model\AuthGroupModel.class.php 第 134 行.
SQL: SHOW COLUMNS FROM `ot_auth_group_access` [ RunTime:0.0160s ]
SQL: SELECT `extend_id` FROM ot_auth_group_access g INNER JOIN ot_auth_extend c on g.group_id=c.group_id  WHERE ( g.uid='UID' and c.type='1' and !isnull(extend_id) )  [ RunTime:0.0060s ]
NOTIC: [8] Use of undefined constant UID - assumed 'UID' D:\onethink\Application\Admin\Model\AuthGroupModel.class.php 第 143 行.
SQL: SHOW COLUMNS FROM `ot_category` [ RunTime:0.0080s ]
SQL: SELECT `id`,`title`,`pid`,`allow_publish` FROM `ot_category` WHERE `status` = 1 ORDER BY pid,sort  [ RunTime:0.0000s ]
NOTIC: [8] Use of undefined constant IS_ROOT - assumed 'IS_ROOT' D:\onethink\Application\Admin\Controller\AskController.class.php 第 63 行.
NOTIC: [8] Use of undefined constant IS_ROOT - assumed 'IS_ROOT' D:\onethink\Application\Admin\Controller\AskController.class.php 第 126 行.
NOTIC: [8] Use of undefined constant IS_ROOT - assumed 'IS_ROOT' D:\onethink\Application\Admin\Controller\AskController.class.php 第 130 行.

