[ 2015-09-30T10:15:11+08:00 ] ::1 /admin.php?s=/Ask/index.html
INFO: [ app_init ] --START--
INFO: Run Behavior\BuildLiteBehavior [ RunTime:0.000000s ]
INFO: Run Common\Behavior\InitHookBehavior [ RunTime:0.007001s ]
INFO: [ app_init ] --END-- [ RunTime:0.007001s ]
INFO: [ app_begin ] --START--
INFO: Run Behavior\ReadHtmlCacheBehavior [ RunTime:0.001000s ]
INFO: [ app_begin ] --END-- [ RunTime:0.001000s ]
NOTIC: [8] Use of undefined constant UID - assumed 'UID' D:\onethink\Application\Admin\Controller\AskController.class.php 第 58 行.
NOTIC: [8] Use of undefined constant UID - assumed 'UID' D:\onethink\Application\Admin\Model\AuthGroupModel.class.php 第 134 行.
SQL: SHOW COLUMNS FROM `ot_auth_group_access` [ RunTime:0.0130s ]
SQL: SELECT `extend_id` FROM ot_auth_group_access g INNER JOIN ot_auth_extend c on g.group_id=c.group_id  WHERE ( g.uid='UID' and c.type='1' and !isnull(extend_id) )  [ RunTime:0.0050s ]
NOTIC: [8] Use of undefined constant UID - assumed 'UID' D:\onethink\Application\Admin\Model\AuthGroupModel.class.php 第 143 行.
SQL: SHOW COLUMNS FROM `ot_category` [ RunTime:0.0130s ]
SQL: SELECT `id`,`title`,`pid`,`allow_publish` FROM `ot_category` WHERE `status` = 1 ORDER BY pid,sort  [ RunTime:0.0000s ]
NOTIC: [8] Use of undefined constant IS_ROOT - assumed 'IS_ROOT' D:\onethink\Application\Admin\Controller\AskController.class.php 第 63 行.
NOTIC: [8] Use of undefined constant IS_ROOT - assumed 'IS_ROOT' D:\onethink\Application\Admin\Controller\AskController.class.php 第 126 行.
NOTIC: [8] Use of undefined constant IS_ROOT - assumed 'IS_ROOT' D:\onethink\Application\Admin\Controller\AskController.class.php 第 130 行.

[ 2015-09-30T10:37:47+08:00 ] ::1 /admin.php
INFO: [ app_init ] --START--
INFO: Run Behavior\BuildLiteBehavior [ RunTime:0.000000s ]
INFO: Run Common\Behavior\InitHookBehavior [ RunTime:0.003000s ]
INFO: [ app_init ] --END-- [ RunTime:0.003000s ]
INFO: [ app_begin ] --START--
INFO: Run Behavior\ReadHtmlCacheBehavior [ RunTime:0.001000s ]
INFO: [ app_begin ] --END-- [ RunTime:0.002000s ]

[ 2015-09-30T10:37:47+08:00 ] ::1 /admin.php?s=/Public/login.html
INFO: [ app_init ] --START--
INFO: Run Behavior\BuildLiteBehavior [ RunTime:0.000000s ]
INFO: Run Common\Behavior\InitHookBehavior [ RunTime:0.002000s ]
INFO: [ app_init ] --END-- [ RunTime:0.003000s ]
INFO: [ app_begin ] --START--
INFO: Run Behavior\ReadHtmlCacheBehavior [ RunTime:0.001000s ]
INFO: [ app_begin ] --END-- [ RunTime:0.001000s ]

[ 2015-09-30T10:37:48+08:00 ] ::1 /admin.php?s=/Public/verify.html
INFO: [ app_init ] --START--
INFO: Run Behavior\BuildLiteBehavior [ RunTime:0.000000s ]
INFO: Run Common\Behavior\InitHookBehavior [ RunTime:0.002000s ]
INFO: [ app_init ] --END-- [ RunTime:0.003000s ]
INFO: [ app_begin ] --START--
INFO: Run Behavior\ReadHtmlCacheBehavior [ RunTime:0.001000s ]
INFO: [ app_begin ] --END-- [ RunTime:0.001000s ]
INFO: [ app_end ] --START--
INFO: Run Behavior\ShowPageTraceBehavior [ RunTime:0.002000s ]
INFO: [ app_end ] --END-- [ RunTime:0.002000s ]

[ 2015-09-30T10:37:54+08:00 ] ::1 /admin.php?s=/Public/login.html
INFO: [ app_init ] --START--
INFO: Run Behavior\BuildLiteBehavior [ RunTime:0.000000s ]
INFO: Run Common\Behavior\InitHookBehavior [ RunTime:0.000000s ]
INFO: [ app_init ] --END-- [ RunTime:0.000000s ]
INFO: [ app_begin ] --START--
INFO: Run Behavior\ReadHtmlCacheBehavior [ RunTime:0.001000s ]
INFO: [ app_begin ] --END-- [ RunTime:0.001000s ]
NOTIC: [8] Undefined index: lite D:\onethink\ThinkPHP\Library\Think\Db.class.php 第 37 行.
SQL: SHOW COLUMNS FROM `ot_member` [ RunTime:0.1262s ]
SQL: SELECT `uid`,`pid`,`nickname`,`sex`,`birthday`,`qq`,`score`,`login`,`reg_ip`,`reg_time`,`last_login_ip`,`last_login_time`,`status`,`contact`,`tel` FROM `ot_member` WHERE `uid` = 1 LIMIT 1   [ RunTime:0.0010s ]
SQL: SHOW COLUMNS FROM `ot_action` [ RunTime:0.0950s ]
SQL: SELECT * FROM `ot_action` WHERE `name` = 'user_login' LIMIT 1   [ RunTime:0.0000s ]
SQL: SHOW COLUMNS FROM `ot_action_log` [ RunTime:0.0468s ]
SQL: INSERT INTO `ot_action_log` (`action_id`,`user_id`,`action_ip`,`model`,`record_id`,`create_time`,`remark`) VALUES ('1','1','0','member','1','1443580673','admin在2015-09-30 10:37登录了后台') [ RunTime:0.0000s ]
SQL: SELECT * FROM `ot_action` WHERE `name` = 'user_login' LIMIT 1   [ RunTime:0.0000s ]
NOTIC: [8] Undefined offset: 1 D:\onethink\Application\Common\Common\function.php 第 679 行.
NOTIC: [2] array_key_exists() expects parameter 2 to be array, null given D:\onethink\Application\Common\Common\function.php 第 679 行.
SQL: SELECT COUNT(*) AS tp_count FROM `ot_action_log` WHERE `action_id` = 1 AND `user_id` = 1 AND `create_time` > 1443494273 LIMIT 1   [ RunTime:0.0542s ]
SQL: SHOW COLUMNS FROM `ot_member` [ RunTime:0.0020s ]
SQL: UPDATE `ot_member` SET `score`=score+10 WHERE ( uid=1 AND status>-1 ) [ RunTime:0.0000s ]
SQL: UPDATE `ot_member` SET `login`=`login`+1,`last_login_time`='1443580673',`last_login_ip`='0' WHERE `uid` = 1 [ RunTime:0.0000s ]

[ 2015-09-30T10:37:54+08:00 ] ::1 /admin.php?s=/Index/index.html
INFO: [ app_init ] --START--
INFO: Run Behavior\BuildLiteBehavior [ RunTime:0.000000s ]
INFO: Run Common\Behavior\InitHookBehavior [ RunTime:0.000000s ]
INFO: [ app_init ] --END-- [ RunTime:0.000000s ]
INFO: [ app_begin ] --START--
INFO: Run Behavior\ReadHtmlCacheBehavior [ RunTime:0.001000s ]
INFO: [ app_begin ] --END-- [ RunTime:0.001000s ]

[ 2015-09-30T10:37:57+08:00 ] ::1 /admin.php?s=/Ask/index.html
INFO: [ app_init ] --START--
INFO: Run Behavior\BuildLiteBehavior [ RunTime:0.000000s ]
INFO: Run Common\Behavior\InitHookBehavior [ RunTime:0.003000s ]
INFO: [ app_init ] --END-- [ RunTime:0.004000s ]
INFO: [ app_begin ] --START--
INFO: Run Behavior\ReadHtmlCacheBehavior [ RunTime:0.001000s ]
INFO: [ app_begin ] --END-- [ RunTime:0.001000s ]
NOTIC: [8] Use of undefined constant UID - assumed 'UID' D:\onethink\Application\Admin\Controller\AskController.class.php 第 58 行.
NOTIC: [8] Use of undefined constant UID - assumed 'UID' D:\onethink\Application\Admin\Model\AuthGroupModel.class.php 第 134 行.
SQL: SHOW COLUMNS FROM `ot_auth_group_access` [ RunTime:0.0510s ]
SQL: SELECT `extend_id` FROM ot_auth_group_access g INNER JOIN ot_auth_extend c on g.group_id=c.group_id  WHERE ( g.uid='UID' and c.type='1' and !isnull(extend_id) )  [ RunTime:0.0310s ]
NOTIC: [8] Use of undefined constant UID - assumed 'UID' D:\onethink\Application\Admin\Model\AuthGroupModel.class.php 第 143 行.
SQL: SHOW COLUMNS FROM `ot_category` [ RunTime:0.0090s ]
SQL: SELECT `id`,`title`,`pid`,`allow_publish` FROM `ot_category` WHERE `status` = 1 ORDER BY pid,sort  [ RunTime:0.0000s ]
NOTIC: [8] Use of undefined constant IS_ROOT - assumed 'IS_ROOT' D:\onethink\Application\Admin\Controller\AskController.class.php 第 63 行.
NOTIC: [8] Use of undefined constant IS_ROOT - assumed 'IS_ROOT' D:\onethink\Application\Admin\Controller\AskController.class.php 第 126 行.
NOTIC: [8] Use of undefined constant IS_ROOT - assumed 'IS_ROOT' D:\onethink\Application\Admin\Controller\AskController.class.php 第 130 行.

[ 2015-09-30T11:08:27+08:00 ] ::1 /admin.php?s=/Article/index.html
INFO: [ app_init ] --START--
INFO: Run Behavior\BuildLiteBehavior [ RunTime:0.000000s ]
INFO: Run Common\Behavior\InitHookBehavior [ RunTime:0.007000s ]
INFO: [ app_init ] --END-- [ RunTime:0.008000s ]
INFO: [ app_begin ] --START--
INFO: Run Behavior\ReadHtmlCacheBehavior [ RunTime:0.001000s ]
INFO: [ app_begin ] --END-- [ RunTime:0.002000s ]

[ 2015-09-30T11:08:29+08:00 ] ::1 /admin.php?s=/Ask/index.html
INFO: [ app_init ] --START--
INFO: Run Behavior\BuildLiteBehavior [ RunTime:0.000000s ]
INFO: Run Common\Behavior\InitHookBehavior [ RunTime:0.003000s ]
INFO: [ app_init ] --END-- [ RunTime:0.003000s ]
INFO: [ app_begin ] --START--
INFO: Run Behavior\ReadHtmlCacheBehavior [ RunTime:0.000000s ]
INFO: [ app_begin ] --END-- [ RunTime:0.001000s ]
NOTIC: [8] Use of undefined constant UID - assumed 'UID' D:\onethink\Application\Admin\Controller\AskController.class.php 第 58 行.
NOTIC: [8] Use of undefined constant UID - assumed 'UID' D:\onethink\Application\Admin\Model\AuthGroupModel.class.php 第 134 行.
SQL: SHOW COLUMNS FROM `ot_auth_group_access` [ RunTime:0.0070s ]
SQL: SELECT `extend_id` FROM ot_auth_group_access g INNER JOIN ot_auth_extend c on g.group_id=c.group_id  WHERE ( g.uid='UID' and c.type='1' and !isnull(extend_id) )  [ RunTime:0.0000s ]
NOTIC: [8] Use of undefined constant UID - assumed 'UID' D:\onethink\Application\Admin\Model\AuthGroupModel.class.php 第 143 行.
SQL: SHOW COLUMNS FROM `ot_category` [ RunTime:0.0080s ]
SQL: SELECT `id`,`title`,`pid`,`allow_publish` FROM `ot_category` WHERE `status` = 1 ORDER BY pid,sort  [ RunTime:0.0000s ]
NOTIC: [8] Use of undefined constant IS_ROOT - assumed 'IS_ROOT' D:\onethink\Application\Admin\Controller\AskController.class.php 第 63 行.
NOTIC: [8] Use of undefined constant IS_ROOT - assumed 'IS_ROOT' D:\onethink\Application\Admin\Controller\AskController.class.php 第 126 行.
NOTIC: [8] Use of undefined constant IS_ROOT - assumed 'IS_ROOT' D:\onethink\Application\Admin\Controller\AskController.class.php 第 130 行.

[ 2015-09-30T16:09:59+08:00 ] ::1 /admin.php?s=/Ask/index/p/2.html
INFO: [ app_init ] --START--
INFO: Run Behavior\BuildLiteBehavior [ RunTime:0.000000s ]
INFO: Run Common\Behavior\InitHookBehavior [ RunTime:0.006000s ]
INFO: [ app_init ] --END-- [ RunTime:0.008000s ]
INFO: [ app_begin ] --START--
INFO: Run Behavior\ReadHtmlCacheBehavior [ RunTime:0.001000s ]
INFO: [ app_begin ] --END-- [ RunTime:0.001000s ]
NOTIC: [8] Use of undefined constant UID - assumed 'UID' D:\onethink\Application\Admin\Controller\AskController.class.php 第 58 行.
NOTIC: [8] Use of undefined constant UID - assumed 'UID' D:\onethink\Application\Admin\Model\AuthGroupModel.class.php 第 134 行.
SQL: SHOW COLUMNS FROM `ot_auth_group_access` [ RunTime:0.0140s ]
SQL: SELECT `extend_id` FROM ot_auth_group_access g INNER JOIN ot_auth_extend c on g.group_id=c.group_id  WHERE ( g.uid='UID' and c.type='1' and !isnull(extend_id) )  [ RunTime:0.0050s ]
NOTIC: [8] Use of undefined constant UID - assumed 'UID' D:\onethink\Application\Admin\Model\AuthGroupModel.class.php 第 143 行.
SQL: SHOW COLUMNS FROM `ot_category` [ RunTime:0.0140s ]
SQL: SELECT `id`,`title`,`pid`,`allow_publish` FROM `ot_category` WHERE `status` = 1 ORDER BY pid,sort  [ RunTime:0.0010s ]
NOTIC: [8] Use of undefined constant IS_ROOT - assumed 'IS_ROOT' D:\onethink\Application\Admin\Controller\AskController.class.php 第 63 行.
NOTIC: [8] Use of undefined constant IS_ROOT - assumed 'IS_ROOT' D:\onethink\Application\Admin\Controller\AskController.class.php 第 126 行.
NOTIC: [8] Use of undefined constant IS_ROOT - assumed 'IS_ROOT' D:\onethink\Application\Admin\Controller\AskController.class.php 第 130 行.

